202302	13:21:51	4b93e6ae-0c24-40b3-9a01-fdc22167a2ef	GET	/auth/refresh	http://localhost:3000
202302	13:21:51	d8c4c136-2199-45fe-9677-e5aeaba2abb0	GET	/auth/refresh	http://localhost:3000
202302	13:21:51	479f0c04-458e-4e4f-9366-8b7df5735de1	GET	/auth/refresh	http://localhost:3000
202302	13:21:51	bf7916bd-0ffd-4642-9811-b07ca9d69267	GET	/auth/refresh	http://localhost:3000
202302	13:23:06	788fdaae-57ff-43ab-b849-2fb0d739143d	GET	/auth/refresh	http://localhost:3000
202302	13:23:06	7629722f-8528-4a3e-b115-f259a171068c	GET	/auth/refresh	http://localhost:3000
202302	13:23:06	91bb9315-f7dc-420e-9588-f93168a8f417	GET	/auth/refresh	http://localhost:3000
202302	13:23:06	4b90b52d-1175-4158-a971-0d84788ea92f	GET	/auth/refresh	http://localhost:3000
202302	13:24:15	1bb3472f-3ba6-4737-9a62-24dba0d1f868	GET	/auth/refresh	http://localhost:3000
202302	13:24:15	c8f51962-977e-4d07-ab6b-6ae7379fa653	GET	/auth/refresh	http://localhost:3000
202302	13:24:15	9057d60c-3d7a-48ee-b09b-64c984f2d134	GET	/auth/refresh	http://localhost:3000
202302	13:24:15	177e6324-a3b0-492a-85ae-eb96c3f196e1	GET	/auth/refresh	http://localhost:3000
202302	13:24:28	d37a0f89-146f-4139-852d-d00a909d570a	GET	/auth/refresh	http://localhost:3000
202302	13:24:28	50c986b7-55af-474a-a0f7-0c4b7940d1f0	GET	/auth/refresh	http://localhost:3000
202302	13:24:35	9f75c010-beb8-40d7-9382-061d8a02b250	GET	/auth/refresh	http://localhost:3000
202302	13:24:35	36abd971-2e11-454a-9878-8638c0012c6b	GET	/auth/refresh	http://localhost:3000
202302	13:24:58	132bcefa-fa4a-48e2-a958-43c74597c596	GET	/auth/refresh	http://localhost:3000
202302	13:24:58	3ebad9ca-b2fe-4140-81b7-1143a142129b	GET	/auth/refresh	http://localhost:3000
202302	13:25:25	3ce8eb72-b6f4-4f68-8f7e-da5333379e96	GET	/auth/refresh	http://localhost:3000
202302	13:25:25	73dd93e2-a6f4-4774-87c2-bbb603baa117	GET	/auth/refresh	http://localhost:3000
202302	13:25:26	9b0066af-b864-4cd3-8ee1-ec1deb22830e	GET	/auth/refresh	http://localhost:3000
202302	13:25:26	985fb73c-cced-4552-a6b2-af200e27b06e	GET	/auth/refresh	http://localhost:3000
202302	13:25:28	53db3a71-461f-47e6-8ef5-7e6f50224f6a	GET	/auth/refresh	http://localhost:3000
202302	13:25:28	4542d6fa-b09e-43d6-8f1b-341185954ddd	GET	/auth/refresh	http://localhost:3000
202302	13:25:35	7b4a27ca-c2d3-4cc2-87e1-c807dbf5ded5	GET	/auth/refresh	http://localhost:3000
202302	13:25:35	a12296c1-f21b-404e-9d2d-34519fe960aa	GET	/auth/refresh	http://localhost:3000
202302	13:26:08	8d84d2fe-0a1a-4c0a-bd91-26ba3e5c048e	GET	/auth/refresh	http://localhost:3000
202302	13:26:08	2c5a4ef0-bdd5-4159-a77b-12e7ef221a64	GET	/auth/refresh	http://localhost:3000
202302	13:26:20	e6691e37-d6df-41c8-8431-ff14fb29eb82	GET	/auth/refresh	http://localhost:3000
202302	13:26:20	32c9d5ae-365b-4010-9183-25ed12bc99f5	GET	/auth/refresh	http://localhost:3000
202302	13:26:24	96cb646e-803e-4071-b0c4-1761e9bef0cb	GET	/auth/refresh	http://localhost:3000
202302	13:26:24	097137c8-e477-4470-a06a-01b33a364649	GET	/auth/refresh	http://localhost:3000
202302	13:26:32	eb9dd228-c221-4415-aed5-c1924ee30620	GET	/auth/refresh	http://localhost:3000
202302	13:26:32	dde1e098-7e88-4784-8b8c-d34f3cfa6304	GET	/auth/refresh	http://localhost:3000
202302	13:26:40	04cbe66c-5ed7-4def-b01b-f500efe91977	GET	/auth/refresh	http://localhost:3000
202302	13:26:40	0b936487-c8f5-449a-9ab3-eafbafc82575	GET	/auth/refresh	http://localhost:3000
202302	13:26:57	8cd0cfe4-ce21-4ddb-a7ff-7ef3480a51b8	GET	/auth/refresh	http://localhost:3000
202302	13:26:57	3c0803ae-1ed0-4dc8-875f-19a1ba7a1ec5	GET	/auth/refresh	http://localhost:3000
202302	13:27:07	9d5cd82e-14f1-4b82-8211-e71bb7c41d12	GET	/auth/refresh	http://localhost:3000
202302	13:27:07	d748d800-f64f-42f1-930f-14f1f430cb5e	GET	/auth/refresh	http://localhost:3000
202302	13:27:10	8bca3411-7479-45b1-b5f7-0627600175e7	GET	/auth/refresh	http://localhost:3000
202302	13:27:10	978fbf7a-3fb1-4e2f-95bb-4f17b2aa8126	GET	/auth/refresh	http://localhost:3000
202302	13:27:38	5c632206-9308-4164-8226-8ca3a993761b	GET	/auth/refresh	http://localhost:3000
202302	13:27:38	8bce9081-5b71-4eae-a0eb-120230f15d51	GET	/auth/refresh	http://localhost:3000
202302	13:27:38	f5628b84-280a-40bc-acc6-98d5ba9df355	GET	/auth/refresh	http://localhost:3000
202302	13:27:38	aee93e08-e36b-4dd6-bdd9-35c78f3dd049	GET	/auth/refresh	http://localhost:3000
202302	13:29:08	7acc3ce8-042c-4ec4-adbf-d664f3c8de9c	GET	/auth/refresh	http://localhost:3000
202302	13:29:08	9613d3d0-0f74-470c-8ca6-a17965e27fde	GET	/auth/refresh	http://localhost:3000
202302	13:29:08	969165da-7349-45f0-aa90-8ce5941ed9fc	GET	/auth/refresh	http://localhost:3000
202302	13:29:08	f454216f-6780-4c1e-84fd-87d727dfe359	GET	/auth/refresh	http://localhost:3000
202302	13:30:48	af18c689-40a3-4caf-8bca-2548890dc642	GET	/auth/refresh	http://localhost:3000
202302	13:30:48	b3266153-af63-4c6e-82a8-4076fdc9be3b	GET	/auth/refresh	http://localhost:3000
202302	13:30:52	c282411b-cc04-4206-b8c2-5492cf35c436	GET	/auth/refresh	http://localhost:3000
202302	13:30:52	bff591bf-7ce5-42e7-9f6f-4bbf802a3c99	GET	/auth/refresh	http://localhost:3000
202302	13:30:52	1436e442-cb6f-46f2-96c5-6035e49b18a4	GET	/auth/refresh	http://localhost:3000
202302	13:30:52	189229a0-6d15-466b-b4fd-24b66ca9704f	GET	/auth/refresh	http://localhost:3000
202302	13:31:20	eb580fec-5b73-444c-aa43-09a7a7ac3941	GET	/auth/refresh	http://localhost:3000
202302	13:31:20	adbfe0f8-7397-4d92-833a-53529448b9e8	GET	/auth/refresh	http://localhost:3000
202302	13:31:20	6115b8b3-fa1f-4190-866a-67bda820c967	GET	/auth/refresh	http://localhost:3000
202302	13:31:20	7e3a2c26-21c9-412d-9341-cd78fdc09012	GET	/auth/refresh	http://localhost:3000
202302	13:32:26	feae307b-0d3f-4ae8-8415-e3a2f888b346	GET	/auth/refresh	http://localhost:3000
202302	13:32:26	0f92892e-adf0-4827-94b0-73636ee89f74	GET	/auth/refresh	http://localhost:3000
202302	13:32:26	a6dc6060-fa50-4b19-b11b-68941d02d308	GET	/auth/refresh	http://localhost:3000
202302	13:32:26	734a9ff9-c785-4ee2-9de2-e7606c124efe	GET	/auth/refresh	http://localhost:3000
202302	13:32:30	9b77d924-ce50-4da8-96bf-fb031a3f3ce1	GET	/auth/refresh	http://localhost:3000
202302	13:32:30	796446f7-c457-4271-8a1e-0bab8cd72ce1	GET	/auth/refresh	http://localhost:3000
202302	13:32:30	ea93fba5-d6f4-4ee9-9c70-3db8bdfd263e	GET	/auth/refresh	http://localhost:3000
202302	13:32:30	d1d00501-8f4e-4ea6-a5c8-a1aaea25b03e	GET	/auth/refresh	http://localhost:3000
202302	13:32:40	199fce34-332d-4598-ba74-95c9db323263	OPTIONS	/auth	http://localhost:3000
202302	13:32:40	6a727a5e-12a3-4b1b-8d57-03fd216aaaaf	POST	/auth	http://localhost:3000
202302	13:33:14	e94a6dba-6d74-4ec2-a075-3a58ad8c7d29	GET	/auth/refresh	http://localhost:3000
202302	13:33:14	129a511f-f3a3-47a4-afe7-b71909c0c12f	GET	/auth/refresh	http://localhost:3000
202302	13:33:14	49dc070a-961b-4b8b-a39a-66b7210bc639	OPTIONS	/posts	http://localhost:3000
202302	13:33:14	e6a414a6-0755-4fbf-a44a-2f6f89eae258	GET	/posts	http://localhost:3000
202302	13:33:15	09543b89-294c-42dd-b4d8-8f9a76b3931a	GET	/posts	http://localhost:3000
202302	13:33:28	10a3c15c-8e25-46b7-b568-7af2fd33d913	OPTIONS	/auth/logout	http://localhost:3000
202302	13:33:28	9b53acfa-603b-4caa-8dd2-a108324a69bc	POST	/auth/logout	http://localhost:3000
202302	13:33:34	b557e755-03eb-4b11-872c-9cdf0d6316af	GET	/auth/refresh	http://localhost:3000
202302	13:33:34	0a2e6b27-d81c-405e-b28f-516a29f29824	GET	/auth/refresh	http://localhost:3000
202302	13:33:34	e269d9e0-0792-4d82-ae06-1654cdd6087f	GET	/auth/refresh	http://localhost:3000
202302	13:33:34	60b81e2f-9706-48f8-8701-81b53f15b160	GET	/auth/refresh	http://localhost:3000
202302	13:33:48	28a10010-97a1-4438-99bc-54693b658d19	OPTIONS	/auth	http://localhost:3000
202302	13:33:48	e5b3c549-48e7-4be7-b5e7-ec445c7d0d07	POST	/auth	http://localhost:3000
202302	13:34:35	08c0b445-428b-474b-a0d0-27987f1d42aa	GET	/auth/refresh	http://localhost:3000
202302	13:34:36	06d6ba50-7a00-433b-bd27-81fb4f35d296	GET	/auth/refresh	http://localhost:3000
202302	13:34:36	ba3a6dae-da58-4492-9f95-88b178099fa6	OPTIONS	/posts	http://localhost:3000
202302	13:34:36	96855de8-5322-4386-8b52-08ed964c8ea7	GET	/posts	http://localhost:3000
202302	13:34:36	85e008d2-e376-42e9-9cbc-2d409c8cfa77	GET	/posts	http://localhost:3000
202302	13:34:48	3ad8d0a3-6187-4cb5-9014-9551135847d8	GET	/auth/refresh	http://localhost:3000
202302	13:34:49	5e8ef6f9-2137-40a2-8950-86df5d6f9d53	GET	/auth/refresh	http://localhost:3000
202302	13:34:49	545627c6-7dc0-43bf-b366-b95054870591	OPTIONS	/posts	http://localhost:3000
202302	13:34:49	d33f070b-cb41-4fa5-96c4-951cb8b46b93	GET	/posts	http://localhost:3000
202302	13:34:49	236f7c43-d7af-4f9e-a845-3a9b7bc959ac	GET	/posts	http://localhost:3000
202302	13:34:53	e65a7d4d-6e88-486b-b37a-5cd195083e97	GET	/auth/refresh	http://localhost:3000
202302	13:34:54	d45df283-6f93-4769-bd43-c28a4eec9546	GET	/auth/refresh	http://localhost:3000
202302	13:34:54	9de41515-2e92-4a34-9c1a-be7538ea5402	GET	/posts	http://localhost:3000
202302	13:34:54	da44c54a-edf8-440a-b8a8-563746ea3b8b	OPTIONS	/posts	http://localhost:3000
202302	13:34:54	f3f1f059-f531-4c0d-b4a7-235a0cde8300	GET	/posts	http://localhost:3000
202302	13:35:10	ce0b9e12-993a-4215-a3c1-136bdad0f5d8	GET	/auth/refresh	http://localhost:3000
202302	13:35:10	0377e28d-4939-45c0-b50d-4b3e50360291	GET	/auth/refresh	http://localhost:3000
202302	13:35:10	d4633ef4-0435-48e5-88ff-0f80505a75ad	OPTIONS	/posts	http://localhost:3000
202302	13:35:10	19fd0c44-c527-43e0-8e40-2b5d93ae0760	GET	/posts	http://localhost:3000
202302	13:35:11	773e6574-3d3f-45dd-8e6c-25947a72fc0f	GET	/posts	http://localhost:3000
202302	13:35:16	b346978d-e2bd-42ee-a985-f7dd2ac70244	OPTIONS	/auth/logout	http://localhost:3000
202302	13:35:16	3b2951d4-cdba-4a93-ac92-4f3f2b7b7e08	POST	/auth/logout	http://localhost:3000
202302	13:35:19	5e9d4d58-70f6-46c6-b8b2-ac489883d2c1	GET	/auth/refresh	http://localhost:3000
202302	13:35:19	2a711a8a-93cf-41d8-875b-f884143005a6	GET	/auth/refresh	http://localhost:3000
202302	13:35:19	8e98d5b5-cc66-4e82-9807-6bceb77bb80d	GET	/auth/refresh	http://localhost:3000
202302	13:35:19	5c6308a4-5754-4f9e-8085-3acd20dc27d6	GET	/auth/refresh	http://localhost:3000
202302	13:35:26	6db00891-7777-4316-90b9-31ead73655d8	OPTIONS	/auth	http://localhost:3000
202302	13:35:26	c1196dd2-bd04-459e-9cbe-b64320a1c9e9	POST	/auth	http://localhost:3000
202302	13:36:01	67b43fe9-5dff-42e5-bd0e-5990d87f99f8	GET	/auth/refresh	http://localhost:3000
202302	13:36:01	730b1d15-5725-4ba0-b0e5-57c6141c03e1	GET	/auth/refresh	http://localhost:3000
202302	13:36:01	6b51c7ac-22af-4da8-9d7c-a79e1d361414	OPTIONS	/posts	http://localhost:3000
202302	13:36:01	bb6d4a33-6deb-428c-8ea4-610029ad5d6e	GET	/posts	http://localhost:3000
202302	13:36:01	e07552fa-22a2-4350-abda-b637db0098bf	GET	/posts	http://localhost:3000
202302	13:36:03	07ce18d4-f7de-4c55-bcff-03334517dd04	OPTIONS	/auth/logout	http://localhost:3000
202302	13:36:03	cd6ad888-a74f-4f2f-b9d2-eed5f466ecb5	POST	/auth/logout	http://localhost:3000
202302	13:36:10	878a36ba-570f-4f99-b2d3-3a6eaa17ec1e	OPTIONS	/auth	http://localhost:3000
202302	13:36:10	4a86dd93-5979-4a3f-8f43-449d9482b289	POST	/auth	http://localhost:3000
202302	13:38:41	521fcbb6-613f-42a9-a19b-262f45f5ae56	GET	/auth/refresh	http://localhost:3000
202302	13:38:41	40edcc56-76d8-42e1-b5e9-04a9db353f9a	GET	/auth/refresh	http://localhost:3000
202302	13:38:41	caf7cdb9-0271-4fc5-acba-3870b49e5ef5	OPTIONS	/posts	http://localhost:3000
202302	13:38:41	11a3a27f-5bbf-4b11-bf62-602bd26d4bc6	GET	/posts	http://localhost:3000
202302	13:38:42	e75c6d8c-c9bc-4e9e-91f8-796310f8ef6d	GET	/posts	http://localhost:3000
202302	13:38:46	af9d419f-9e9f-4893-abde-2df76728fd90	OPTIONS	/auth/logout	http://localhost:3000
202302	13:38:46	830076ca-f64f-45a6-a80a-d623e4275907	POST	/auth/logout	http://localhost:3000
202302	13:38:50	f3c55b29-3af2-45d3-881c-be5a95bf1c5f	OPTIONS	/auth	http://localhost:3000
202302	13:38:50	5bc54d68-f557-4ee0-a242-9944d5b96b6a	POST	/auth	http://localhost:3000
202302	13:39:46	75072ff5-83b2-4128-9c27-0fc1a912b4ab	OPTIONS	/auth/logout	http://localhost:3000
202302	13:39:46	938cd615-59f5-4408-b283-f3231fa2032c	POST	/auth/logout	http://localhost:3000
202302	13:39:52	20f54d85-f45d-4135-a194-251ed13268f3	OPTIONS	/auth	http://localhost:3000
202302	13:39:52	3a8fe673-7684-477f-bc99-55323644e60e	POST	/auth	http://localhost:3000
202302	13:40:27	0b61e72b-2e63-485c-b372-dad734be0a18	GET	/auth/refresh	http://localhost:3000
202302	13:40:28	1b8555cf-1eb1-4074-8811-689528d1c281	GET	/auth/refresh	http://localhost:3000
202302	13:40:28	3869c38a-2ca1-49d4-8154-880359dc87a9	OPTIONS	/posts	http://localhost:3000
202302	13:40:28	598003f3-2c9d-4c81-b8b0-32c8ac51bf3c	GET	/posts	http://localhost:3000
202302	13:40:28	73fec751-d9e5-4d8a-a10a-17a263ff0ebb	GET	/posts	http://localhost:3000
202302	13:40:42	05b3c228-82b5-44a5-8e41-0ca58554b826	OPTIONS	/auth/logout	http://localhost:3000
202302	13:40:42	b63d0bf1-0a4f-4e47-8be3-c1998b5bad05	POST	/auth/logout	http://localhost:3000
202302	13:40:50	faf494bf-4de4-4700-99a8-d40e789fdf2b	OPTIONS	/auth	http://localhost:3000
202302	13:40:50	f99ddc70-f755-43de-9703-e81d8b25e99a	POST	/auth	http://localhost:3000
202302	13:42:23	f6de2714-6e50-4357-94bf-0dc977b7a004	OPTIONS	/auth/logout	http://localhost:3000
202302	13:42:23	6ca5600d-c512-482d-9023-4223197acbdd	POST	/auth/logout	http://localhost:3000
202302	13:42:36	ffce7980-82d6-4852-81a7-63d25d93b81f	OPTIONS	/auth	http://localhost:3000
202302	13:42:36	b399709f-e74d-446c-b9b0-5e00e1c12cdf	POST	/auth	http://localhost:3000
202302	13:44:51	13d897ad-b8f9-4575-b515-1b03f4519a9b	GET	/auth/refresh	http://localhost:3000
202302	13:44:51	37969e12-0fdc-460a-9da9-3d8a73681c0f	GET	/auth/refresh	http://localhost:3000
202302	13:44:51	aa7cd83c-820b-4207-a1d1-e3d2c95aebc4	OPTIONS	/posts	http://localhost:3000
202302	13:44:51	791263cf-5731-46c6-a76b-17cf4a60b7e3	GET	/posts	http://localhost:3000
202302	13:44:52	c8b30525-b141-472f-8281-9926d662f8f9	GET	/posts	http://localhost:3000
202302	13:45:08	2fa80c2e-0fee-47cd-b9a1-f47b3789271e	OPTIONS	/auth/logout	http://localhost:3000
202302	13:45:08	502ffaf3-0c3f-4855-a08b-edbdbe19dd38	POST	/auth/logout	http://localhost:3000
202302	13:45:17	e88bdc69-08af-4f95-b304-a9f5b71b2e2c	OPTIONS	/auth	http://localhost:3000
202302	13:45:17	3e763af2-3c19-4c14-a15b-5fb408406a91	POST	/auth	http://localhost:3000
202302	13:48:02	ef468e91-4119-415f-a68a-83388b2d3ec5	OPTIONS	/posts	http://localhost:3000
202302	13:48:02	847d7f18-0caa-4312-91be-ce6de595e9cb	GET	/posts	http://localhost:3000
202302	13:48:04	e378e886-490b-47fa-aa72-72ccf85a2f77	OPTIONS	/auth/logout	http://localhost:3000
202302	13:48:04	40fd6cfb-6c6a-420d-8d01-137517b9c0e0	POST	/auth/logout	http://localhost:3000
202302	13:48:08	faa23133-44d1-448c-92c3-75ae191408a0	OPTIONS	/auth	http://localhost:3000
202302	13:48:08	193c38f6-0914-402f-9693-870eb179532b	POST	/auth	http://localhost:3000
202302	13:48:09	622fabb1-aa99-4916-94e0-f88805e4dbe3	OPTIONS	/posts	http://localhost:3000
202302	13:48:09	0891ad36-fd5e-41f8-ae37-9f147222fc77	GET	/posts	http://localhost:3000
202302	13:48:09	4e33e25d-b051-49de-9afa-44ea821e9697	GET	/posts	http://localhost:3000
202302	13:48:46	2140146c-c305-4a88-a82b-d92244c57293	OPTIONS	/auth/logout	http://localhost:3000
202302	13:48:46	cfb8358b-4720-4cfa-a8c5-12c0ff3d8948	POST	/auth/logout	http://localhost:3000
202302	13:49:00	9076ca99-f198-45d4-9682-a16a89ee6e40	OPTIONS	/auth	http://localhost:3000
202302	13:49:00	2422d2ef-f5ad-41c9-9b49-919a1b250d82	POST	/auth	http://localhost:3000
202302	13:49:00	5ceea295-aa48-451a-9c5e-8b53b11301eb	OPTIONS	/posts	http://localhost:3000
202302	13:49:00	f415a6e4-769f-46b7-a62c-23ff05b84ecf	GET	/posts	http://localhost:3000
202302	13:49:00	4f27a996-eea1-4a7d-a64a-ec45c7dec00e	GET	/posts	http://localhost:3000
202302	13:49:09	c06366ad-eb28-4dd1-be3d-803064849fb0	OPTIONS	/auth/logout	http://localhost:3000
202302	13:49:09	97ee0d55-7967-4a21-89e9-ba749b39296a	POST	/auth/logout	http://localhost:3000
